<?xml version="1.0" encoding="UTF-8"?>
<testng-results ignored="0" total="5" passed="4" failed="1" skipped="0">
  <reporter-output>
  </reporter-output>
  <suite started-at="2026-01-15T19:05:27 IST" name="Suite" finished-at="2026-01-15T19:05:39 IST" duration-ms="11450">
    <groups>
    </groups>
    <test started-at="2026-01-15T19:05:27 IST" name="Test" finished-at="2026-01-15T19:05:39 IST" duration-ms="11450">
      <class name="test.login.LoginTest">
        <test-method is-config="true" signature="setUp()[pri:0, instance:test.login.LoginTest@49c90a9c]" started-at="2026-01-15T19:05:27 IST" name="setUp" finished-at="2026-01-15T19:05:31 IST" duration-ms="3625" status="PASS">
          <reporter-output>
          </reporter-output>
        </test-method> <!-- setUp -->
        <test-method signature="ShouldLoginSuccessfullyWithValidCredentials(java.util.HashMap)[pri:0, instance:test.login.LoginTest@49c90a9c]" started-at="2026-01-15T19:05:31 IST" name="ShouldLoginSuccessfullyWithValidCredentials" data-provider="validUsers" finished-at="2026-01-15T19:05:31 IST" duration-ms="325" status="FAIL">
          <params>
            <param index="0">
              <value>
                <![CDATA[{Username=standard_user, Password=secret_sauce1}]]>
              </value>
            </param>
          </params>
          <exception class="java.lang.AssertionError">
            <message>
              <![CDATA[User should navigate to products page expected [true] but found [false]]]>
            </message>
            <full-stacktrace>
              <![CDATA[java.lang.AssertionError: User should navigate to products page expected [true] but found [false]
at org.testng.Assert.fail(Assert.java:111)
at org.testng.Assert.failNotEquals(Assert.java:1590)
at org.testng.Assert.assertTrue(Assert.java:57)
at test.login.LoginTest.ShouldLoginSuccessfullyWithValidCredentials(LoginTest.java:46)
at java.base/jdk.internal.reflect.DirectMethodHandleAccessor.invoke(DirectMethodHandleAccessor.java:103)
at java.base/java.lang.reflect.Method.invoke(Method.java:580)
at org.testng.internal.invokers.MethodInvocationHelper.invokeMethod(MethodInvocationHelper.java:141)
at org.testng.internal.invokers.TestInvoker.invokeMethod(TestInvoker.java:687)
at org.testng.internal.invokers.TestInvoker.invokeTestMethod(TestInvoker.java:230)
at org.testng.internal.invokers.MethodRunner.runInSequence(MethodRunner.java:63)
at org.testng.internal.invokers.TestInvoker$MethodInvocationAgent.invoke(TestInvoker.java:995)
at org.testng.internal.invokers.TestInvoker.invokeTestMethods(TestInvoker.java:203)
at org.testng.internal.invokers.TestMethodWorker.invokeTestMethods(TestMethodWorker.java:154)
at org.testng.internal.invokers.TestMethodWorker.run(TestMethodWorker.java:134)
at java.base/java.util.ArrayList.forEach(ArrayList.java:1596)
at org.testng.TestRunner.privateRun(TestRunner.java:741)
at org.testng.TestRunner.run(TestRunner.java:616)
at org.testng.SuiteRunner.runTest(SuiteRunner.java:421)
at org.testng.SuiteRunner.runSequentially(SuiteRunner.java:413)
at org.testng.SuiteRunner.privateRun(SuiteRunner.java:373)
at org.testng.SuiteRunner.run(SuiteRunner.java:312)
at org.testng.SuiteRunnerWorker.runSuite(SuiteRunnerWorker.java:52)
at org.testng.SuiteRunnerWorker.run(SuiteRunnerWorker.java:95)
at org.testng.TestNG.runSuitesSequentially(TestNG.java:1274)
at org.testng.TestNG.runSuitesLocally(TestNG.java:1208)
at org.testng.TestNG.runSuites(TestNG.java:1112)
at org.testng.TestNG.run(TestNG.java:1079)
at org.testng.remote.AbstractRemoteTestNG.run(AbstractRemoteTestNG.java:115)
at org.testng.remote.RemoteTestNG.initAndRun(RemoteTestNG.java:293)
at org.testng.remote.RemoteTestNG.main(RemoteTestNG.java:91)
]]>
            </full-stacktrace>
          </exception> <!-- java.lang.AssertionError -->
          <reporter-output>
          </reporter-output>
        </test-method> <!-- ShouldLoginSuccessfullyWithValidCredentials -->
        <test-method is-config="true" signature="tearDown()[pri:0, instance:test.login.LoginTest@49c90a9c]" started-at="2026-01-15T19:05:31 IST" name="tearDown" finished-at="2026-01-15T19:05:31 IST" duration-ms="220" status="PASS">
          <reporter-output>
          </reporter-output>
        </test-method> <!-- tearDown -->
        <test-method is-config="true" signature="setUp()[pri:0, instance:test.login.LoginTest@49c90a9c]" started-at="2026-01-15T19:05:31 IST" name="setUp" finished-at="2026-01-15T19:05:33 IST" duration-ms="1350" status="PASS">
          <reporter-output>
          </reporter-output>
        </test-method> <!-- setUp -->
        <test-method signature="ShouldLoginSuccessfullyWithValidCredentials(java.util.HashMap)[pri:0, instance:test.login.LoginTest@49c90a9c]" started-at="2026-01-15T19:05:33 IST" name="ShouldLoginSuccessfullyWithValidCredentials" data-provider="validUsers" finished-at="2026-01-15T19:05:33 IST" duration-ms="295" status="PASS">
          <params>
            <param index="0">
              <value>
                <![CDATA[{Username=problem_user, Password=secret_sauce}]]>
              </value>
            </param>
          </params>
          <reporter-output>
          </reporter-output>
        </test-method> <!-- ShouldLoginSuccessfullyWithValidCredentials -->
        <test-method is-config="true" signature="tearDown()[pri:0, instance:test.login.LoginTest@49c90a9c]" started-at="2026-01-15T19:05:33 IST" name="tearDown" finished-at="2026-01-15T19:05:33 IST" duration-ms="200" status="PASS">
          <reporter-output>
          </reporter-output>
        </test-method> <!-- tearDown -->
        <test-method is-config="true" signature="setUp()[pri:0, instance:test.login.LoginTest@49c90a9c]" started-at="2026-01-15T19:05:33 IST" name="setUp" finished-at="2026-01-15T19:05:35 IST" duration-ms="1238" status="PASS">
          <reporter-output>
          </reporter-output>
        </test-method> <!-- setUp -->
        <test-method signature="shouldShowErrorMessageForInvalidCredentials(java.util.HashMap)[pri:0, instance:test.login.LoginTest@49c90a9c]" started-at="2026-01-15T19:05:35 IST" name="shouldShowErrorMessageForInvalidCredentials" data-provider="inValidUsers" finished-at="2026-01-15T19:05:35 IST" duration-ms="299" status="PASS">
          <params>
            <param index="0">
              <value>
                <![CDATA[{Username=standard_user1, Password=awdawd}]]>
              </value>
            </param>
          </params>
          <reporter-output>
          </reporter-output>
        </test-method> <!-- shouldShowErrorMessageForInvalidCredentials -->
        <test-method is-config="true" signature="tearDown()[pri:0, instance:test.login.LoginTest@49c90a9c]" started-at="2026-01-15T19:05:35 IST" name="tearDown" finished-at="2026-01-15T19:05:35 IST" duration-ms="222" status="PASS">
          <reporter-output>
          </reporter-output>
        </test-method> <!-- tearDown -->
        <test-method is-config="true" signature="setUp()[pri:0, instance:test.login.LoginTest@49c90a9c]" started-at="2026-01-15T19:05:35 IST" name="setUp" finished-at="2026-01-15T19:05:37 IST" duration-ms="1491" status="PASS">
          <reporter-output>
          </reporter-output>
        </test-method> <!-- setUp -->
        <test-method signature="shouldShowErrorMessageForInvalidCredentials(java.util.HashMap)[pri:0, instance:test.login.LoginTest@49c90a9c]" started-at="2026-01-15T19:05:37 IST" name="shouldShowErrorMessageForInvalidCredentials" data-provider="inValidUsers" finished-at="2026-01-15T19:05:37 IST" duration-ms="267" status="PASS">
          <params>
            <param index="0">
              <value>
                <![CDATA[{Username=locked_out_user2, Password=3123123}]]>
              </value>
            </param>
          </params>
          <reporter-output>
          </reporter-output>
        </test-method> <!-- shouldShowErrorMessageForInvalidCredentials -->
        <test-method is-config="true" signature="tearDown()[pri:0, instance:test.login.LoginTest@49c90a9c]" started-at="2026-01-15T19:05:37 IST" name="tearDown" finished-at="2026-01-15T19:05:37 IST" duration-ms="180" status="PASS">
          <reporter-output>
          </reporter-output>
        </test-method> <!-- tearDown -->
        <test-method is-config="true" signature="setUp()[pri:0, instance:test.login.LoginTest@49c90a9c]" started-at="2026-01-15T19:05:37 IST" name="setUp" finished-at="2026-01-15T19:05:38 IST" duration-ms="1318" status="PASS">
          <reporter-output>
          </reporter-output>
        </test-method> <!-- setUp -->
        <test-method signature="shouldVerifyTheWebsiteHeadline()[pri:0, instance:test.login.LoginTest@49c90a9c]" started-at="2026-01-15T19:05:38 IST" name="shouldVerifyTheWebsiteHeadline" finished-at="2026-01-15T19:05:38 IST" duration-ms="28" status="PASS">
          <reporter-output>
          </reporter-output>
        </test-method> <!-- shouldVerifyTheWebsiteHeadline -->
        <test-method is-config="true" signature="tearDown()[pri:0, instance:test.login.LoginTest@49c90a9c]" started-at="2026-01-15T19:05:38 IST" name="tearDown" finished-at="2026-01-15T19:05:39 IST" duration-ms="186" status="PASS">
          <reporter-output>
          </reporter-output>
        </test-method> <!-- tearDown -->
      </class> <!-- test.login.LoginTest -->
    </test> <!-- Test -->
  </suite> <!-- Suite -->
</testng-results>
