<?xml version="1.0" encoding="UTF-8"?>
<testng-results ignored="0" total="5" passed="5" failed="0" skipped="0">
  <reporter-output>
  </reporter-output>
  <suite started-at="2026-01-14T12:28:03 IST" name="Suite" finished-at="2026-01-14T12:28:12 IST" duration-ms="9173">
    <groups>
    </groups>
    <test started-at="2026-01-14T12:28:03 IST" name="Test" finished-at="2026-01-14T12:28:12 IST" duration-ms="9173">
      <class name="test.login.LoginTest">
        <test-method is-config="true" signature="setUp()[pri:0, instance:test.login.LoginTest@408d971b]" started-at="2026-01-14T12:28:03 IST" name="setUp" finished-at="2026-01-14T12:28:05 IST" duration-ms="1956" status="PASS">
          <reporter-output>
          </reporter-output>
        </test-method> <!-- setUp -->
        <test-method signature="ShouldLoginSuccessfullyWithValidCredentials(java.util.HashMap)[pri:0, instance:test.login.LoginTest@408d971b]" started-at="2026-01-14T12:28:05 IST" name="ShouldLoginSuccessfullyWithValidCredentials" data-provider="validUsers" finished-at="2026-01-14T12:28:05 IST" duration-ms="266" status="PASS">
          <params>
            <param index="0">
              <value>
                <![CDATA[{Username=standard_user, Password=secret_sauce}]]>
              </value>
            </param>
          </params>
          <reporter-output>
          </reporter-output>
        </test-method> <!-- ShouldLoginSuccessfullyWithValidCredentials -->
        <test-method is-config="true" signature="tearDown()[pri:0, instance:test.login.LoginTest@408d971b]" started-at="2026-01-14T12:28:05 IST" name="tearDown" finished-at="2026-01-14T12:28:05 IST" duration-ms="208" status="PASS">
          <reporter-output>
          </reporter-output>
        </test-method> <!-- tearDown -->
        <test-method is-config="true" signature="setUp()[pri:0, instance:test.login.LoginTest@408d971b]" started-at="2026-01-14T12:28:05 IST" name="setUp" finished-at="2026-01-14T12:28:06 IST" duration-ms="1223" status="PASS">
          <reporter-output>
          </reporter-output>
        </test-method> <!-- setUp -->
        <test-method signature="ShouldLoginSuccessfullyWithValidCredentials(java.util.HashMap)[pri:0, instance:test.login.LoginTest@408d971b]" started-at="2026-01-14T12:28:06 IST" name="ShouldLoginSuccessfullyWithValidCredentials" data-provider="validUsers" finished-at="2026-01-14T12:28:07 IST" duration-ms="303" status="PASS">
          <params>
            <param index="0">
              <value>
                <![CDATA[{Username=problem_user, Password=secret_sauce}]]>
              </value>
            </param>
          </params>
          <reporter-output>
          </reporter-output>
        </test-method> <!-- ShouldLoginSuccessfullyWithValidCredentials -->
        <test-method is-config="true" signature="tearDown()[pri:0, instance:test.login.LoginTest@408d971b]" started-at="2026-01-14T12:28:07 IST" name="tearDown" finished-at="2026-01-14T12:28:07 IST" duration-ms="196" status="PASS">
          <reporter-output>
          </reporter-output>
        </test-method> <!-- tearDown -->
        <test-method is-config="true" signature="setUp()[pri:0, instance:test.login.LoginTest@408d971b]" started-at="2026-01-14T12:28:07 IST" name="setUp" finished-at="2026-01-14T12:28:08 IST" duration-ms="1197" status="PASS">
          <reporter-output>
          </reporter-output>
        </test-method> <!-- setUp -->
        <test-method signature="shouldShowErrorMessageForInvalidCredentials(java.util.HashMap)[pri:0, instance:test.login.LoginTest@408d971b]" started-at="2026-01-14T12:28:08 IST" name="shouldShowErrorMessageForInvalidCredentials" data-provider="inValidUsers" finished-at="2026-01-14T12:28:08 IST" duration-ms="299" status="PASS">
          <params>
            <param index="0">
              <value>
                <![CDATA[{Username=standard_user1, Password=awdawd}]]>
              </value>
            </param>
          </params>
          <reporter-output>
          </reporter-output>
        </test-method> <!-- shouldShowErrorMessageForInvalidCredentials -->
        <test-method is-config="true" signature="tearDown()[pri:0, instance:test.login.LoginTest@408d971b]" started-at="2026-01-14T12:28:08 IST" name="tearDown" finished-at="2026-01-14T12:28:08 IST" duration-ms="181" status="PASS">
          <reporter-output>
          </reporter-output>
        </test-method> <!-- tearDown -->
        <test-method is-config="true" signature="setUp()[pri:0, instance:test.login.LoginTest@408d971b]" started-at="2026-01-14T12:28:08 IST" name="setUp" finished-at="2026-01-14T12:28:10 IST" duration-ms="1271" status="PASS">
          <reporter-output>
          </reporter-output>
        </test-method> <!-- setUp -->
        <test-method signature="shouldShowErrorMessageForInvalidCredentials(java.util.HashMap)[pri:0, instance:test.login.LoginTest@408d971b]" started-at="2026-01-14T12:28:10 IST" name="shouldShowErrorMessageForInvalidCredentials" data-provider="inValidUsers" finished-at="2026-01-14T12:28:10 IST" duration-ms="290" status="PASS">
          <params>
            <param index="0">
              <value>
                <![CDATA[{Username=locked_out_user2, Password=3123123}]]>
              </value>
            </param>
          </params>
          <reporter-output>
          </reporter-output>
        </test-method> <!-- shouldShowErrorMessageForInvalidCredentials -->
        <test-method is-config="true" signature="tearDown()[pri:0, instance:test.login.LoginTest@408d971b]" started-at="2026-01-14T12:28:10 IST" name="tearDown" finished-at="2026-01-14T12:28:10 IST" duration-ms="250" status="PASS">
          <reporter-output>
          </reporter-output>
        </test-method> <!-- tearDown -->
        <test-method is-config="true" signature="setUp()[pri:0, instance:test.login.LoginTest@408d971b]" started-at="2026-01-14T12:28:10 IST" name="setUp" finished-at="2026-01-14T12:28:11 IST" duration-ms="1252" status="PASS">
          <reporter-output>
          </reporter-output>
        </test-method> <!-- setUp -->
        <test-method signature="shouldVerifyTheWebsiteHeadline()[pri:0, instance:test.login.LoginTest@408d971b]" started-at="2026-01-14T12:28:11 IST" name="shouldVerifyTheWebsiteHeadline" finished-at="2026-01-14T12:28:11 IST" duration-ms="25" status="PASS">
          <reporter-output>
          </reporter-output>
        </test-method> <!-- shouldVerifyTheWebsiteHeadline -->
        <test-method is-config="true" signature="tearDown()[pri:0, instance:test.login.LoginTest@408d971b]" started-at="2026-01-14T12:28:11 IST" name="tearDown" finished-at="2026-01-14T12:28:12 IST" duration-ms="190" status="PASS">
          <reporter-output>
          </reporter-output>
        </test-method> <!-- tearDown -->
      </class> <!-- test.login.LoginTest -->
    </test> <!-- Test -->
  </suite> <!-- Suite -->
</testng-results>
