<?xml version="1.0" encoding="UTF-8"?>
<testng-results ignored="0" total="5" passed="5" failed="0" skipped="0">
  <reporter-output>
  </reporter-output>
  <suite started-at="2026-01-08T15:45:23 IST" name="Suite" finished-at="2026-01-08T15:45:32 IST" duration-ms="9275">
    <groups>
    </groups>
    <test started-at="2026-01-08T15:45:23 IST" name="Test" finished-at="2026-01-08T15:45:32 IST" duration-ms="9275">
      <class name="test.login.LoginTest">
        <test-method is-config="true" signature="setUp()[pri:0, instance:test.login.LoginTest@f5958c9]" started-at="2026-01-08T15:45:23 IST" name="setUp" finished-at="2026-01-08T15:45:25 IST" duration-ms="1974" status="PASS">
          <reporter-output>
          </reporter-output>
        </test-method> <!-- setUp -->
        <test-method signature="ShouldLoginSuccessfullyWithValidCredentials(java.util.HashMap)[pri:0, instance:test.login.LoginTest@f5958c9]" started-at="2026-01-08T15:45:25 IST" name="ShouldLoginSuccessfullyWithValidCredentials" data-provider="validUsers" finished-at="2026-01-08T15:45:25 IST" duration-ms="297" status="PASS">
          <params>
            <param index="0">
              <value>
                <![CDATA[{Username=standard_user, Password=secret_sauce}]]>
              </value>
            </param>
          </params>
          <reporter-output>
          </reporter-output>
        </test-method> <!-- ShouldLoginSuccessfullyWithValidCredentials -->
        <test-method is-config="true" signature="tearDown()[pri:0, instance:test.login.LoginTest@f5958c9]" started-at="2026-01-08T15:45:25 IST" name="tearDown" finished-at="2026-01-08T15:45:26 IST" duration-ms="222" status="PASS">
          <reporter-output>
          </reporter-output>
        </test-method> <!-- tearDown -->
        <test-method is-config="true" signature="setUp()[pri:0, instance:test.login.LoginTest@f5958c9]" started-at="2026-01-08T15:45:26 IST" name="setUp" finished-at="2026-01-08T15:45:27 IST" duration-ms="1202" status="PASS">
          <reporter-output>
          </reporter-output>
        </test-method> <!-- setUp -->
        <test-method signature="ShouldLoginSuccessfullyWithValidCredentials(java.util.HashMap)[pri:0, instance:test.login.LoginTest@f5958c9]" started-at="2026-01-08T15:45:27 IST" name="ShouldLoginSuccessfullyWithValidCredentials" data-provider="validUsers" finished-at="2026-01-08T15:45:27 IST" duration-ms="266" status="PASS">
          <params>
            <param index="0">
              <value>
                <![CDATA[{Username=problem_user, Password=secret_sauce}]]>
              </value>
            </param>
          </params>
          <reporter-output>
          </reporter-output>
        </test-method> <!-- ShouldLoginSuccessfullyWithValidCredentials -->
        <test-method is-config="true" signature="tearDown()[pri:0, instance:test.login.LoginTest@f5958c9]" started-at="2026-01-08T15:45:27 IST" name="tearDown" finished-at="2026-01-08T15:45:27 IST" duration-ms="194" status="PASS">
          <reporter-output>
          </reporter-output>
        </test-method> <!-- tearDown -->
        <test-method is-config="true" signature="setUp()[pri:0, instance:test.login.LoginTest@f5958c9]" started-at="2026-01-08T15:45:27 IST" name="setUp" finished-at="2026-01-08T15:45:28 IST" duration-ms="1180" status="PASS">
          <reporter-output>
          </reporter-output>
        </test-method> <!-- setUp -->
        <test-method signature="shouldShowErrorMessageForInvalidCredentials(java.util.HashMap)[pri:0, instance:test.login.LoginTest@f5958c9]" started-at="2026-01-08T15:45:28 IST" name="shouldShowErrorMessageForInvalidCredentials" data-provider="inValidUsers" finished-at="2026-01-08T15:45:29 IST" duration-ms="299" status="PASS">
          <params>
            <param index="0">
              <value>
                <![CDATA[{Username=standard_user1, Password=awdawd}]]>
              </value>
            </param>
          </params>
          <reporter-output>
          </reporter-output>
        </test-method> <!-- shouldShowErrorMessageForInvalidCredentials -->
        <test-method is-config="true" signature="tearDown()[pri:0, instance:test.login.LoginTest@f5958c9]" started-at="2026-01-08T15:45:29 IST" name="tearDown" finished-at="2026-01-08T15:45:29 IST" duration-ms="185" status="PASS">
          <reporter-output>
          </reporter-output>
        </test-method> <!-- tearDown -->
        <test-method is-config="true" signature="setUp()[pri:0, instance:test.login.LoginTest@f5958c9]" started-at="2026-01-08T15:45:29 IST" name="setUp" finished-at="2026-01-08T15:45:30 IST" duration-ms="1485" status="PASS">
          <reporter-output>
          </reporter-output>
        </test-method> <!-- setUp -->
        <test-method signature="shouldShowErrorMessageForInvalidCredentials(java.util.HashMap)[pri:0, instance:test.login.LoginTest@f5958c9]" started-at="2026-01-08T15:45:30 IST" name="shouldShowErrorMessageForInvalidCredentials" data-provider="inValidUsers" finished-at="2026-01-08T15:45:31 IST" duration-ms="302" status="PASS">
          <params>
            <param index="0">
              <value>
                <![CDATA[{Username=locked_out_user2, Password=3123123}]]>
              </value>
            </param>
          </params>
          <reporter-output>
          </reporter-output>
        </test-method> <!-- shouldShowErrorMessageForInvalidCredentials -->
        <test-method is-config="true" signature="tearDown()[pri:0, instance:test.login.LoginTest@f5958c9]" started-at="2026-01-08T15:45:31 IST" name="tearDown" finished-at="2026-01-08T15:45:31 IST" duration-ms="163" status="PASS">
          <reporter-output>
          </reporter-output>
        </test-method> <!-- tearDown -->
        <test-method is-config="true" signature="setUp()[pri:0, instance:test.login.LoginTest@f5958c9]" started-at="2026-01-08T15:45:31 IST" name="setUp" finished-at="2026-01-08T15:45:32 IST" duration-ms="1197" status="PASS">
          <reporter-output>
          </reporter-output>
        </test-method> <!-- setUp -->
        <test-method signature="shouldVerifyTheWebsiteHeadline()[pri:0, instance:test.login.LoginTest@f5958c9]" started-at="2026-01-08T15:45:32 IST" name="shouldVerifyTheWebsiteHeadline" finished-at="2026-01-08T15:45:32 IST" duration-ms="30" status="PASS">
          <reporter-output>
          </reporter-output>
        </test-method> <!-- shouldVerifyTheWebsiteHeadline -->
        <test-method is-config="true" signature="tearDown()[pri:0, instance:test.login.LoginTest@f5958c9]" started-at="2026-01-08T15:45:32 IST" name="tearDown" finished-at="2026-01-08T15:45:32 IST" duration-ms="232" status="PASS">
          <reporter-output>
          </reporter-output>
        </test-method> <!-- tearDown -->
      </class> <!-- test.login.LoginTest -->
    </test> <!-- Test -->
  </suite> <!-- Suite -->
</testng-results>
