<?xml version="1.0" encoding="UTF-8"?>
<!-- Generated by org.testng.reporters.JUnitReportReporter -->
<testsuite hostname="Chethan" failures="0" tests="5" name="test.login.LoginTest" time="9.107" errors="0" timestamp="2026-01-14T12:28:12 IST" skipped="0">
  <testcase classname="test.login.LoginTest" name="shouldShowErrorMessageForInvalidCredentials" time="1.738"/>
  <testcase classname="test.login.LoginTest" name="shouldShowErrorMessageForInvalidCredentials" time="1.712"/>
  <testcase classname="test.login.LoginTest" name="ShouldLoginSuccessfullyWithValidCredentials" time="1.681"/>
  <testcase classname="test.login.LoginTest" name="ShouldLoginSuccessfullyWithValidCredentials" time="1.787"/>
  <testcase classname="test.login.LoginTest" name="shouldVerifyTheWebsiteHeadline" time="2.189"/>
</testsuite> <!-- test.login.LoginTest -->
