<?xml version="1.0" encoding="UTF-8"?>
<!-- Generated by org.testng.reporters.JUnitReportReporter -->
<testsuite hostname="Chethan" failures="0" tests="5" name="test.login.LoginTest" time="9.228" errors="0" timestamp="2026-01-08T15:45:32 IST" skipped="0">
  <testcase classname="test.login.LoginTest" name="ShouldLoginSuccessfullyWithValidCredentials" time="1.700"/>
  <testcase classname="test.login.LoginTest" name="shouldShowErrorMessageForInvalidCredentials" time="1.718"/>
  <testcase classname="test.login.LoginTest" name="ShouldLoginSuccessfullyWithValidCredentials" time="1.640"/>
  <testcase classname="test.login.LoginTest" name="shouldShowErrorMessageForInvalidCredentials" time="2.470"/>
  <testcase classname="test.login.LoginTest" name="shouldVerifyTheWebsiteHeadline" time="1.700"/>
</testsuite> <!-- test.login.LoginTest -->
