<?xml version="1.0" encoding="UTF-8"?>
<!-- Generated by org.testng.reporters.JUnitXMLReporter -->
<testsuite ignored="0" hostname="Chethan" failures="1" tests="5" name="Test" time="11.45" errors="0" timestamp="2026-01-15T19:05:39 IST">
  <testcase classname="test.login.LoginTest" name="ShouldLoginSuccessfullyWithValidCredentials" time="0.325">
    <failure type="java.lang.AssertionError" message="User should navigate to products page expected [true] but found [false]">
      <![CDATA[java.lang.AssertionError: User should navigate to products page expected [true] but found [false]
at test.login.LoginTest.ShouldLoginSuccessfullyWithValidCredentials(LoginTest.java:46)
at java.base/java.util.ArrayList.forEach(ArrayList.java:1596)
... Removed 28 stack frames]]>
    </failure>
  </testcase> <!-- ShouldLoginSuccessfullyWithValidCredentials -->
  <testcase classname="test.login.LoginTest" name="ShouldLoginSuccessfullyWithValidCredentials" time="0.295"/>
  <testcase classname="test.login.LoginTest" name="shouldShowErrorMessageForInvalidCredentials" time="0.299"/>
  <testcase classname="test.login.LoginTest" name="shouldShowErrorMessageForInvalidCredentials" time="0.267"/>
  <testcase classname="test.login.LoginTest" name="shouldVerifyTheWebsiteHeadline" time="0.028"/>
</testsuite> <!-- Test -->
