<?xml version="1.0" encoding="UTF-8"?>
<!-- Generated by org.testng.reporters.JUnitXMLReporter -->
<testsuite ignored="0" hostname="Chethan" failures="0" tests="5" name="Test" time="9.275" errors="0" timestamp="2026-01-08T15:45:32 IST">
  <testcase classname="test.login.LoginTest" name="ShouldLoginSuccessfullyWithValidCredentials" time="0.297"/>
  <testcase classname="test.login.LoginTest" name="ShouldLoginSuccessfullyWithValidCredentials" time="0.266"/>
  <testcase classname="test.login.LoginTest" name="shouldShowErrorMessageForInvalidCredentials" time="0.299"/>
  <testcase classname="test.login.LoginTest" name="shouldShowErrorMessageForInvalidCredentials" time="0.302"/>
  <testcase classname="test.login.LoginTest" name="shouldVerifyTheWebsiteHeadline" time="0.03"/>
</testsuite> <!-- Test -->
